\BOOKMARK [0][-]{chapter.1}{\376\377\000G\000e\000n\000e\000r\000a\000l\000\040\000I\000n\000t\000r\000o\000d\000u\000c\000t\000i\000o\000n}{}% 1
\BOOKMARK [1][-]{section.1.1}{\376\377\000M\000e\000s\000o\000p\000r\000e\000d\000a\000t\000o\000r\000\040\000r\000e\000l\000e\000a\000s\000e\000\040\000h\000y\000p\000o\000t\000h\000e\000s\000i\000s}{chapter.1}% 2
\BOOKMARK [1][-]{section.1.2}{\376\377\000S\000t\000u\000d\000y\000\040\000s\000p\000e\000c\000i\000e\000s}{chapter.1}% 3
\BOOKMARK [2][-]{subsection.1.2.1}{\376\377\000R\000e\000d\000\040\000f\000o\000x}{section.1.2}% 4
\BOOKMARK [2][-]{subsection.1.2.2}{\376\377\000F\000e\000r\000a\000l\000\040\000c\000a\000t}{section.1.2}% 5
\BOOKMARK [2][-]{subsection.1.2.3}{\376\377\000S\000o\000u\000t\000h\000e\000r\000n\000\040\000b\000r\000o\000w\000n\000\040\000b\000a\000n\000d\000i\000c\000o\000o\000t}{section.1.2}% 6
\BOOKMARK [2][-]{subsection.1.2.4}{\376\377\000L\000o\000n\000g\000-\000n\000o\000s\000e\000d\000\040\000p\000o\000t\000o\000r\000o\000o}{section.1.2}% 7
\BOOKMARK [0][-]{chapter.2}{\376\377\000U\000n\000e\000x\000p\000e\000c\000t\000e\000d\000l\000y\000\040\000h\000i\000g\000h\000\040\000d\000e\000n\000s\000i\000t\000i\000e\000s\000\040\000o\000f\000\040\000f\000e\000r\000a\000l\000\040\000c\000a\000t\000s\000\040\000i\000n\000\040\000a\000\040\000r\000u\000g\000g\000e\000d\000\040\000t\000e\000m\000p\000e\000r\000a\000t\000e\000\040\000f\000o\000r\000e\000s\000t}{}% 8
\BOOKMARK [1][-]{section*.10}{\376\377\000A\000b\000s\000t\000r\000a\000c\000t}{chapter.2}% 9
\BOOKMARK [1][-]{section.2.1}{\376\377\000I\000n\000t\000r\000o\000d\000u\000c\000t\000i\000o\000n}{chapter.2}% 10
\BOOKMARK [1][-]{section.2.2}{\376\377\000M\000e\000t\000h\000o\000d\000s}{chapter.2}% 11
\BOOKMARK [2][-]{subsection.2.2.1}{\376\377\000S\000t\000u\000d\000y\000\040\000a\000r\000e\000a}{section.2.2}% 12
\BOOKMARK [2][-]{subsection.2.2.2}{\376\377\000S\000t\000u\000d\000y\000\040\000d\000e\000s\000i\000g\000n}{section.2.2}% 13
\BOOKMARK [2][-]{subsection.2.2.3}{\376\377\000I\000n\000d\000i\000v\000i\000d\000u\000a\000l\000\040\000c\000a\000t\000\040\000i\000d\000e\000n\000t\000i\000f\000i\000c\000a\000t\000i\000o\000n}{section.2.2}% 14
\BOOKMARK [2][-]{subsection.2.2.4}{\376\377\000E\000s\000t\000i\000m\000a\000t\000i\000n\000g\000\040\000p\000o\000p\000u\000l\000a\000t\000i\000o\000n\000\040\000d\000e\000n\000s\000i\000t\000y}{section.2.2}% 15
\BOOKMARK [1][-]{section.2.3}{\376\377\000R\000e\000s\000u\000l\000t\000s}{chapter.2}% 16
\BOOKMARK [1][-]{section.2.4}{\376\377\000D\000i\000s\000c\000u\000s\000s\000i\000o\000n}{chapter.2}% 17
\BOOKMARK [0][-]{chapter.3}{\376\377\000F\000i\000r\000e\000\040\000a\000n\000d\000\040\000l\000e\000t\000h\000a\000l\000\040\000f\000o\000x\000\040\000c\000o\000n\000t\000r\000o\000l\000\040\000m\000a\000n\000i\000p\000u\000l\000a\000t\000e\000\040\000t\000h\000e\000\040\000o\000c\000c\000u\000r\000r\000e\000n\000c\000e\000\040\000o\000f\000\040\000i\000n\000v\000a\000s\000i\000v\000e\000\040\000p\000r\000e\000d\000a\000t\000o\000r\000s\000\040\000a\000n\000d\000\040\000t\000h\000r\000e\000a\000t\000e\000n\000e\000d\000\040\000n\000a\000t\000i\000v\000e\000\040\000p\000r\000e\000y}{}% 18
\BOOKMARK [1][-]{section*.12}{\376\377\000A\000b\000s\000t\000r\000a\000c\000t}{chapter.3}% 19
\BOOKMARK [1][-]{section.3.1}{\376\377\000I\000n\000t\000r\000o\000d\000u\000c\000t\000i\000o\000n}{chapter.3}% 20
\BOOKMARK [1][-]{section.3.2}{\376\377\000M\000e\000t\000h\000o\000d\000s}{chapter.3}% 21
\BOOKMARK [2][-]{subsection.3.2.1}{\376\377\000S\000t\000u\000d\000y\000\040\000a\000r\000e\000a\000\040\000a\000n\000d\000\040\000c\000a\000m\000e\000r\000a\000-\000t\000r\000a\000p\000p\000i\000n\000g}{section.3.2}% 22
\BOOKMARK [2][-]{subsection.3.2.2}{\376\377\000O\000c\000c\000u\000p\000a\000n\000c\000y\000-\000d\000e\000t\000e\000c\000t\000i\000o\000n\000\040\000m\000o\000d\000e\000l\000s}{section.3.2}% 23
\BOOKMARK [2][-]{subsection.3.2.3}{\376\377\000G\000e\000n\000e\000r\000a\000l\000i\000s\000e\000d\000\040\000a\000d\000d\000i\000t\000i\000v\000e\000\040\000m\000o\000d\000e\000l\000s}{section.3.2}% 24
\BOOKMARK [1][-]{section.3.3}{\376\377\000R\000e\000s\000u\000l\000t\000s}{chapter.3}% 25
\BOOKMARK [2][-]{subsection.3.3.1}{\376\377\000R\000e\000d\000\040\000f\000o\000x}{section.3.3}% 26
\BOOKMARK [2][-]{subsection.3.3.2}{\376\377\000F\000e\000r\000a\000l\000\040\000c\000a\000t}{section.3.3}% 27
\BOOKMARK [2][-]{subsection.3.3.3}{\376\377\000S\000o\000u\000t\000h\000e\000r\000n\000\040\000b\000r\000o\000w\000n\000\040\000b\000a\000n\000d\000i\000c\000o\000o\000t}{section.3.3}% 28
\BOOKMARK [2][-]{subsection.3.3.4}{\376\377\000L\000o\000n\000g\000-\000n\000o\000s\000e\000d\000\040\000p\000o\000t\000o\000r\000o\000o}{section.3.3}% 29
\BOOKMARK [1][-]{section.3.4}{\376\377\000D\000i\000s\000c\000u\000s\000s\000i\000o\000n}{chapter.3}% 30
\BOOKMARK [1][-]{section.3.5}{\376\377\000G\000Y}{chapter.3}% 31
\BOOKMARK [0][-]{chapter.4}{\376\377\000Q\000u\000a\000n\000t\000i\000f\000y\000i\000n\000g\000\040\000m\000e\000s\000o\000p\000r\000e\000d\000a\000t\000o\000r\000\040\000r\000e\000l\000e\000a\000s\000e\000:\000\040\000l\000e\000t\000h\000a\000l\000\040\000c\000o\000n\000t\000r\000o\000l\000\040\000o\000f\000\040\000a\000n\000\040\000i\000n\000v\000a\000s\000i\000v\000e\000\040\000a\000p\000e\000x\000\040\000p\000r\000e\000d\000a\000t\000o\000r\000\040\000a\000l\000t\000e\000r\000s\000\040\000f\000e\000r\000a\000l\000\040\000c\000a\000t\000\040\000d\000e\000n\000s\000i\000t\000y\000\040\000a\000n\000d\000\040\000d\000e\000t\000e\000c\000t\000a\000b\000i\000l\000i\000t\000y}{}% 32
\BOOKMARK [1][-]{section*.25}{\376\377\000A\000b\000s\000t\000r\000a\000c\000t}{chapter.4}% 33
\BOOKMARK [1][-]{section.4.1}{\376\377\000I\000n\000t\000r\000o\000d\000u\000c\000t\000i\000o\000n}{chapter.4}% 34
\BOOKMARK [1][-]{section.4.2}{\376\377\000M\000e\000t\000h\000o\000d\000s}{chapter.4}% 35
\BOOKMARK [2][-]{subsection.4.2.1}{\376\377\000S\000t\000u\000d\000y\000\040\000a\000r\000e\000a}{section.4.2}% 36
\BOOKMARK [2][-]{subsection.4.2.2}{\376\377\000S\000t\000u\000d\000y\000\040\000d\000e\000s\000i\000g\000n\000\040\000a\000n\000d\000\040\000c\000a\000m\000e\000r\000a\000-\000t\000r\000a\000p\000p\000i\000n\000g}{section.4.2}% 37
\BOOKMARK [2][-]{subsection.4.2.3}{\376\377\000I\000n\000d\000i\000v\000i\000d\000u\000a\000l\000\040\000f\000e\000r\000a\000l\000\040\000c\000a\000t\000\040\000i\000d\000e\000n\000t\000i\000f\000i\000c\000a\000t\000i\000o\000n}{section.4.2}% 38
\BOOKMARK [2][-]{subsection.4.2.4}{\376\377\000S\000p\000a\000t\000i\000a\000l\000\040\000f\000o\000x\000\040\000o\000c\000c\000u\000r\000r\000e\000n\000c\000e}{section.4.2}% 39
\BOOKMARK [2][-]{subsection.4.2.5}{\376\377\000S\000p\000a\000t\000i\000a\000l\000\040\000m\000a\000r\000k\000-\000r\000e\000s\000i\000g\000h\000t\000\040\000m\000o\000d\000e\000l\000s\000\040\000o\000f\000\040\000f\000e\000r\000a\000l\000\040\000c\000a\000t\000\040\000d\000e\000n\000s\000i\000t\000y}{section.4.2}% 40
\BOOKMARK [1][-]{section.4.3}{\376\377\000R\000e\000s\000u\000l\000t\000s}{chapter.4}% 41
\BOOKMARK [2][-]{subsection.4.3.1}{\376\377\000F\000o\000x\000\040\000o\000c\000c\000u\000r\000r\000e\000n\000c\000e}{section.4.3}% 42
\BOOKMARK [2][-]{subsection.4.3.2}{\376\377\000F\000e\000r\000a\000l\000\040\000c\000a\000t\000s\000\040\000i\000n\000\040\000t\000h\000e\000\040\000G\000l\000e\000n\000e\000l\000g\000\040\000r\000e\000g\000i\000o\000n}{section.4.3}% 43
\BOOKMARK [2][-]{subsection.4.3.3}{\376\377\000F\000e\000r\000a\000l\000\040\000c\000a\000t\000s\000\040\000i\000n\000\040\000t\000h\000e\000\040\000O\000t\000w\000a\000y\000\040\000r\000e\000g\000i\000o\000n}{section.4.3}% 44
\BOOKMARK [1][-]{section.4.4}{\376\377\000D\000i\000s\000c\000u\000s\000s\000i\000o\000n}{chapter.4}% 45
\BOOKMARK [0][-]{chapter.5}{\376\377\000S\000p\000a\000t\000i\000a\000l\000\040\000v\000a\000r\000i\000a\000t\000i\000o\000n\000\040\000i\000n\000\040\000p\000r\000e\000d\000a\000t\000o\000r\000\040\000d\000i\000e\000l\000\040\000p\000a\000t\000t\000e\000r\000n\000s\000\040\040\023\000\040\000f\000e\000r\000a\000l\000\040\000c\000a\000t\000s\000\040\000a\000v\000o\000i\000d\000\040\000r\000e\000d\000\040\000f\000o\000x\000e\000s\000\040\000i\000n\000\040\000t\000i\000m\000e\000,\000\040\000n\000o\000t\000\040\000s\000p\000a\000c\000e\000.}{}% 46
\BOOKMARK [1][-]{section*.32}{\376\377\000A\000b\000s\000t\000r\000a\000c\000t}{chapter.5}% 47
\BOOKMARK [1][-]{section.5.1}{\376\377\000I\000n\000t\000r\000o\000d\000u\000c\000t\000i\000o\000n}{chapter.5}% 48
\BOOKMARK [1][-]{section.5.2}{\376\377\000M\000e\000t\000h\000o\000d\000s}{chapter.5}% 49
\BOOKMARK [2][-]{subsection.5.2.1}{\376\377\000S\000t\000u\000d\000y\000\040\000a\000r\000e\000a\000\040\000a\000n\000d\000\040\000c\000a\000m\000e\000r\000a\000-\000t\000r\000a\000p\000p\000i\000n\000g}{section.5.2}% 50
\BOOKMARK [2][-]{subsection.5.2.2}{\376\377\000D\000a\000t\000a\000\040\000p\000r\000e\000p\000a\000r\000a\000t\000i\000o\000n}{section.5.2}% 51
\BOOKMARK [2][-]{subsection.5.2.3}{\376\377\000G\000e\000n\000e\000r\000a\000l\000i\000s\000e\000d\000\040\000a\000d\000d\000i\000t\000i\000v\000e\000\040\000m\000o\000d\000e\000l\000s}{section.5.2}% 52
\BOOKMARK [1][-]{section.5.3}{\376\377\000R\000e\000s\000u\000l\000t\000s}{chapter.5}% 53
\BOOKMARK [1][-]{section.5.4}{\376\377\000D\000i\000s\000c\000u\000s\000s\000i\000o\000n}{chapter.5}% 54
\BOOKMARK [0][-]{chapter.6}{\376\377\000S\000y\000n\000t\000h\000e\000s\000i\000s}{}% 55
\BOOKMARK [1][-]{section.6.1}{\376\377\000W\000e\000i\000g\000h\000i\000n\000g\000\040\000u\000p\000\040\000t\000h\000e\000\040\000e\000v\000i\000d\000e\000n\000c\000e\000\040\000f\000o\000r\000\040\000m\000e\000s\000o\000p\000r\000e\000d\000a\000t\000o\000r\000\040\000r\000e\000l\000e\000a\000s\000e}{chapter.6}% 56
\BOOKMARK [1][-]{section.6.2}{\376\377\000H\000o\000w\000\040\000m\000u\000c\000h\000\040\000d\000o\000e\000s\000\040\000a\000\040\000m\000e\000s\000o\000p\000r\000e\000d\000a\000t\000o\000r\000\040\000r\000e\000l\000e\000a\000s\000e\000\040\000o\000f\000\040\000f\000e\000r\000a\000l\000\040\000c\000a\000t\000s\000\040\000m\000a\000t\000t\000e\000r\000?}{chapter.6}% 57
\BOOKMARK [1][-]{section.6.3}{\376\377\000R\000e\000c\000c\000o\000m\000e\000n\000d\000a\000t\000i\000o\000n\000s\000\040\000f\000o\000r\000\040\000m\000a\000n\000a\000g\000e\000r\000s}{chapter.6}% 58
\BOOKMARK [2][-]{subsection.6.3.1}{\376\377\000P\000r\000e\000s\000c\000r\000i\000b\000e\000d\000\040\000f\000i\000r\000e}{section.6.3}% 59
\BOOKMARK [1][-]{section.6.4}{\376\377\000F\000e\000r\000a\000l\000\040\000c\000a\000t\000\040\000m\000o\000n\000i\000t\000o\000r\000i\000n\000g}{chapter.6}% 60
\BOOKMARK [0][-]{chapter*.47}{\376\377\000R\000e\000f\000e\000r\000e\000n\000c\000e\000s}{}% 61
\BOOKMARK [0][-]{appendix.A}{\376\377\000S\000u\000p\000p\000o\000r\000t\000i\000n\000g\000\040\000I\000n\000f\000o\000r\000m\000a\000t\000i\000o\000n\000:\000\040\000C\000h\000a\000p\000t\000e\000r\000\040\0002}{}% 62
\BOOKMARK [0][-]{appendix.B}{\376\377\000S\000u\000p\000p\000o\000r\000t\000i\000n\000g\000\040\000I\000n\000f\000o\000r\000m\000a\000t\000i\000o\000n\000:\000\040\000C\000h\000a\000p\000t\000e\000r\000\040\0003}{}% 63
\BOOKMARK [0][-]{appendix.C}{\376\377\000S\000u\000p\000p\000o\000r\000t\000i\000n\000g\000\040\000I\000n\000f\000o\000r\000m\000a\000t\000i\000o\000n\000:\000\040\000C\000h\000a\000p\000t\000e\000r\000\040\0004}{}% 64
\BOOKMARK [1][-]{section.C.1}{\376\377\000F\000i\000e\000l\000d\000\040\000s\000u\000r\000v\000e\000y\000s}{appendix.C}% 65
\BOOKMARK [1][-]{section.C.2}{\376\377\000I\000n\000d\000i\000v\000i\000d\000u\000a\000l\000\040\000c\000a\000t\000\040\000i\000d\000e\000n\000t\000i\000f\000i\000c\000a\000t\000i\000o\000n}{appendix.C}% 66
\BOOKMARK [1][-]{section.C.3}{\376\377\000S\000u\000m\000m\000a\000r\000y\000\040\000s\000t\000a\000t\000i\000s\000t\000i\000c\000s}{appendix.C}% 67
\BOOKMARK [1][-]{section.C.4}{\376\377\000F\000e\000r\000a\000l\000\040\000c\000a\000t\000\040\000d\000e\000t\000e\000c\000t\000i\000o\000n\000\040\000p\000l\000o\000t\000s}{appendix.C}% 68
\BOOKMARK [2][-]{subsection.C.4.1}{\376\377\000G\000l\000e\000n\000e\000l\000g\000\040\000r\000e\000g\000i\000o\000n}{section.C.4}% 69
\BOOKMARK [2][-]{