This is pdfTeX, Version 3.141592653-2.6-1.40.23 (TeX Live 2022/dev) (preloaded format=pdflatex 2021.10.17)  9 DEC 2021 11:09
entering extended mode
 restricted \write18 enabled.
 %&-line parsing enabled.
**thesis.tex
(./thesis.tex
LaTeX2e <2021-06-01> patch level 1
L3 programming layer <2021-08-27> (./style/unimelbthesis.cls

LaTeX Warning: You have requested document class `style/unimelbthesis',
               but the document class provides `unimelbthesis'.

Document Class: unimelbthesis 2018/10/10
(/Users/mrees2/Library/TinyTeX/texmf-dist/tex/latex/base/book.cls
Document Class: book 2021/02/12 v1.4n Standard LaTeX document class
(/Users/mrees2/Library/TinyTeX/texmf-dist/tex/latex/base/bk11.clo
File: bk11.clo 2021/02/12 v1.4n Standard LaTeX file (size option)
)
\c@part=\count182
\c@chapter=\count183
\c@section=\count184
\c@subsection=\count185
\c@subsubsection=\count186
\c@paragraph=\count187
\c@subparagraph=\count188
\c@figure=\count189
\c@table=\count190
\abovecaptionskip=\skip47
\belowcaptionskip=\skip48
\bibindent=\dimen138
) (/Users/mrees2/Library/TinyTeX/texmf-dist/tex/latex/fancyhdr/fancyhdr.sty
Package: fancyhdr 2021/01/28 v4.0.1 Extensive control of page headers and foote
rs
\f@nch@headwidth=\skip49
\f@nch@O@elh=\skip50
\f@nch@O@erh=\skip51
\f@nch@O@olh=\skip52
\f@nch@O@orh=\skip53
\f@nch@O@elf=\skip54
\f@nch@O@erf=\skip55
\f@nch@O@olf=\skip56
\f@nch@O@orf=\skip57
)
\bindmargin=\skip58
\othermargin=\skip59
(/Users/mrees2/Library/TinyTeX/texmf-dist/tex/latex/float/float.sty
Package: float 2001/11/08 v1.3d Float enhancements (AL)
\c@float@type=\count191
\float@exts=\toks16
\float@box=\box50
\@float@everytoks=\toks17
\@floatcapt=\box51
) (/Users/mrees2/Library/TinyTeX/texmf-dist/tex/latex/setspace/setspace.sty
Package: setspace 2011/12/19 v6.7a set line spacing
) (/Users/mrees2/Library/TinyTeX/texmf-dist/tex/latex/caption/caption.sty
Package: caption 2020/10/26 v3.5g Customizing captions (AR)
(/Users/mrees2/Library/TinyTeX/texmf-dist/tex/latex/caption/caption3.sty
Package: caption3 2020/10/21 v2.2e caption3 kernel (AR)
(/Users/mrees2/Library/TinyTeX/texmf-dist/tex/latex/graphics/keyval.sty
Package: keyval 2014/10/28 v1.15 key=value parser (DPC)
\KV@toks@=\toks18
)
\captionmargin=\dimen139
\captionmargin@=\dimen140
\captionwidth=\dimen141
\caption@tempdima=\dimen142
\caption@indent=\dimen143
\caption@parindent=\dimen144
\caption@hangindent=\dimen145
Package caption Info: Standard document class detected.
)
\c@caption@flags=\count192
\c@continuedfloat=\count193
Package caption Info: float package is loaded.
)) (/Users/mrees2/Library/TinyTeX/texmf-dist/tex/latex/graphics/graphicx.sty
Package: graphicx 2020/12/05 v1.2c Enhanced LaTeX Graphics (DPC,SPQR)
(/Users/mrees2/Library/TinyTeX/texmf-dist/tex/latex/graphics/graphics.sty
Package: graphics 2021/03/04 v1.4d Standard LaTeX Graphics (DPC,SPQR)
(/Users/mrees2/Library/TinyTeX/texmf-dist/tex/latex/graphics/trig.sty
Package: trig 2016/01/03 v1.10 sin cos tan (DPC)
) (/Users/mrees2/Library/TinyTeX/texmf-dist/tex/latex/graphics-cfg/graphics.cfg
File: graphics.cfg 2016/06/04 v1.11 sample graphics configuration
)
Package graphics Info: Driver file: pdftex.def on input line 107.
(/Users/mrees2/Library/TinyTeX/texmf-dist/tex/latex/graphics-def/pdftex.def
File: pdftex.def 2020/10/05 v1.2a Graphics/color driver for pdftex
))
\Gin@req@height=\dimen146
\Gin@req@width=\dimen147
) (/Users/mrees2/Library/TinyTeX/texmf-dist/tex/latex/amsmath/amsmath.sty
Package: amsmath 2021/04/20 v2.17j AMS math features
\@mathmargin=\skip60
For additional information on amsmath, use the `?' option.
(/Users/mrees2/Library/TinyTeX/texmf-dist/tex/latex/amsmath/amstext.sty
Package: amstext 2000/06/29 v2.01 AMS text
(/Users/mrees2/Library/TinyTeX/texmf-dist/tex/latex/amsmath/amsgen.sty
File: amsgen.sty 1999/11/30 v2.0 generic functions
\@emptytoks=\toks19
\ex@=\dimen148
)) (/Users/mrees2/Library/TinyTeX/texmf-dist/tex/latex/amsmath/amsbsy.sty
Package: amsbsy 1999/11/29 v1.2d Bold Symbols
\pmbraise@=\dimen149
) (/Users/mrees2/Library/TinyTeX/texmf-dist/tex/latex/amsmath/amsopn.sty
Package: amsopn 2016/03/08 v2.02 operator names
)
\inf@bad=\count194
LaTeX Info: Redefining \frac on input line 234.
\uproot@=\count195
\leftroot@=\count196
LaTeX Info: Redefining \overline on input line 399.
\classnum@=\count197
\DOTSCASE@=\count198
LaTeX Info: Redefining \ldots on input line 496.
LaTeX Info: Redefining \dots on input line 499.
LaTeX Info: Redefining \cdots on input line 620.
\Mathstrutbox@=\box52
\strutbox@=\box53
\big@size=\dimen150
LaTeX Font Info:    Redeclaring font encoding OML on input line 743.
LaTeX Font Info:    Redeclaring font encoding OMS on input line 744.
\macc@depth=\count199
\c@MaxMatrixCols=\count266
\dotsspace@=\muskip16
\c@parentequation=\count267
\dspbrk@lvl=\count268
\tag@help=\toks20
\row@=\count269
\column@=\count270
\maxfields@=\count271
\andhelp@=\toks21
\eqnshift@=\dimen151
\alignsep@=\dimen152
\tagshift@=\dimen153
\tagwidth@=\dimen154
\totwidth@=\dimen155
\lineht@=\dimen156
\@envbody=\toks22
\multlinegap=\skip61
\multlinetaggap=\skip62
\mathdisplay@stack=\toks23
LaTeX Info: Redefining \[ on input line 2923.
LaTeX Info: Redefining \] on input line 2924.
) (/Users/mrees2/Library/TinyTeX/texmf-dist/tex/latex/amsmath/amsxtra.sty
Package: amsxtra 1999/11/15 v1.2c AMS extra commands
LaTeX Info: Redefining \nobreakspace on input line 54.
) (/Users/mrees2/Library/TinyTeX/texmf-dist/tex/latex/amsfonts/amssymb.sty
Package: amssymb 2013/01/14 v3.01 AMS font symbols
(/Users/mrees2/Library/TinyTeX/texmf-dist/tex/latex/amsfonts/amsfonts.sty
Package: amsfonts 2013/01/14 v3.01 Basic AMSFonts support
\symAMSa=\mathgroup4
\symAMSb=\mathgroup5
LaTeX Font Info:    Redeclaring math symbol \hbar on input line 98.
LaTeX Font Info:    Overwriting math alphabet `\mathfrak' in version `bold'
(Font)                  U/euf/m/n --> U/euf/b/n on input line 106.
)) (/Users/mrees2/Library/TinyTeX/texmf-dist/tex/latex/amscls/amsthm.sty
Package: amsthm 2020/05/29 v2.20.6
\thm@style=\toks24
\thm@bodyfont=\toks25
\thm@headfont=\toks26
\thm@notefont=\toks27
\thm@headpunct=\toks28
\thm@preskip=\skip63
\thm@postskip=\skip64
\thm@headsep=\skip65
\dth@everypar=\toks29
) (/Users/mrees2/Library/TinyTeX/texmf-dist/tex/latex/base/latexsym.sty
Package: latexsym 1998/08/17 v2.2e Standard LaTeX package (lasy symbols)
\symlasy=\mathgroup6
LaTeX Font Info:    Overwriting symbol font `lasy' in version `bold'
(Font)                  U/lasy/m/n --> U/lasy/b/n on input line 52.
) (/Users/mrees2/Library/TinyTeX/texmf-dist/tex/latex/booktabs/booktabs.sty
Package: booktabs 2020/01/12 v1.61803398 Publication quality tables
\heavyrulewidth=\dimen157
\lightrulewidth=\dimen158
\cmidrulewidth=\dimen159
\belowrulesep=\dimen160
\belowbottomsep=\dimen161
\aboverulesep=\dimen162
\abovetopsep=\dimen163
\cmidrulesep=\dimen164
\cmidrulekern=\dimen165
\defaultaddspace=\dimen166
\@cmidla=\count272
\@cmidlb=\count273
\@aboverulesep=\dimen167
\@belowrulesep=\dimen168
\@thisruleclass=\count274
\@lastruleclass=\count275
\@thisrulewidth=\dimen169
) (/Users/mrees2/Library/TinyTeX/texmf-dist/tex/latex/tools/longtable.sty
Package: longtable 2021-05-07 v4.16 Multi-page Table package (DPC)
\LTleft=\skip66
\LTright=\skip67
\LTpre=\skip68
\LTpost=\skip69
\LTchunksize=\count276
\LTcapwidth=\dimen170
\LT@head=\box54
\LT@firsthead=\box55
\LT@foot=\box56
\LT@lastfoot=\box57
\LT@gbox=\box58
\LT@cols=\count277
\LT@rows=\count278
\c@LT@tables=\count279
\c@LT@chunks=\count280
\LT@p@ftn=\toks30
) (/Users/mrees2/Library/TinyTeX/texmf-dist/tex/latex/hyperref/hyperref.sty
Package: hyperref 2021-06-07 v7.00m Hypertext links for LaTeX
(/Users/mrees2/Library/TinyTeX/texmf-dist/tex/generic/ltxcmds/ltxcmds.sty
Package: ltxcmds 2020-05-10 v1.25 LaTeX kernel commands for general use (HO)
) (/Users/mrees2/Library/TinyTeX/texmf-dist/tex/generic/iftex/iftex.sty
Package: iftex 2020/03/06 v1.0d TeX engine tests
)
(/Users/mrees2/Library/TinyTeX/texmf-dist/tex/generic/pdftexcmds/pdftexcmds.sty
Package: pdftexcmds 2020-06-27 v0.33 Utility functions of pdfTeX for LuaTeX (HO
)
(/Users/mrees2/Library/TinyTeX/texmf-dist/tex/generic/infwarerr/infwarerr.sty
Package: infwarerr 2019/12/03 v1.5 Providing info/warning/error messages (HO)
)
Package pdftexcmds Info: \pdf@primitive is available.
Package pdftexcmds Info: \pdf@ifprimitive is available.
Package pdftexcmds Info: \pdfdraftmode found.
) (/Users/mrees2/Library/TinyTeX/texmf-dist/tex/generic/kvsetkeys/kvsetkeys.sty
Package: kvsetkeys 2019/12/15 v1.18 Key value parser (HO)
)
(/Users/mrees2/Library/TinyTeX/texmf-dist/tex/generic/kvdefinekeys/kvdefinekeys
.sty
Package: kvdefinekeys 2019-12-19 v1.6 Define keys (HO)
) (/Users/mrees2/Library/TinyTeX/texmf-dist/tex/generic/pdfescape/pdfescape.sty
Package: pdfescape 2019/12/09 v1.15 Implements pdfTeX's escape features (HO)
) (/Users/mrees2/Library/TinyTeX/texmf-dist/tex/latex/hycolor/hycolor.sty
Package: hycolor 2020-01-27 v1.10 Color options for hyperref/bookmark (HO)
)
(/Users/mrees2/Library/TinyTeX/texmf-dist/tex/latex/letltxmacro/letltxmacro.sty
Package: letltxmacro 2019/12/03 v1.6 Let assignment for LaTeX macros (HO)
) (/Users/mrees2/Library/TinyTeX/texmf-dist/tex/latex/auxhook/auxhook.sty
Package: auxhook 2019-12-17 v1.6 Hooks for auxiliary files (HO)
) (/Users/mrees2/Library/TinyTeX/texmf-dist/tex/latex/kvoptions/kvoptions.sty
Package: kvoptions 2020-10-07 v3.14 Key value format for package options (HO)
)
\@linkdim=\dimen171
\Hy@linkcounter=\count281
\Hy@pagecounter=\count282
(/Users/mrees2/Library/TinyTeX/texmf-dist/tex/latex/hyperref/pd1enc.def
File: pd1enc.def 2021-06-07 v7.00m Hyperref: PDFDocEncoding definition (HO)
Now handling font encoding PD1 ...
... no UTF-8 mapping file for font encoding PD1
)
(/Users/mrees2/Library/TinyTeX/texmf-dist/tex/latex/hyperref/hyperref-langpatch
es.def
File: hyperref-langpatches.def 2021-06-07 v7.00m Hyperref: patches for babel la
nguages
) (/Users/mrees2/Library/TinyTeX/texmf-dist/tex/generic/intcalc/intcalc.sty
Package: intcalc 2019/12/15 v1.3 Expandable calculations with integers (HO)
) (/Users/mrees2/Library/TinyTeX/texmf-dist/tex/generic/etexcmds/etexcmds.sty
Package: etexcmds 2019/12/15 v1.7 Avoid name clashes with e-TeX commands (HO)
)
\Hy@SavedSpaceFactor=\count283
(/Users/mrees2/Library/TinyTeX/texmf-dist/tex/latex/hyperref/puenc.def
File: puenc.def 2021-06-07 v7.00m Hyperref: PDF Unicode definition (HO)
Now handling font encoding PU ...
... no UTF-8 mapping file for font encoding PU
)
Package hyperref Info: Hyper figures OFF on input line 4192.
Package hyperref Info: Link nesting OFF on input line 4197.
Package hyperref Info: Hyper index ON on input line 4200.
Package hyperref Info: Plain pages OFF on input line 4207.
Package hyperref Info: Backreferencing OFF on input line 4212.
Package hyperref Info: Implicit mode ON; LaTeX internals redefined.
Package hyperref Info: Bookmarks ON on input line 4445.
\c@Hy@tempcnt=\count284
(/Users/mrees2/Library/TinyTeX/texmf-dist/tex/latex/url/url.sty
\Urlmuskip=\muskip17
Package: url 2013/09/16  ver 3.4  Verb mode for urls, etc.
)
LaTeX Info: Redefining \url on input line 4804.
\XeTeXLinkMargin=\dimen172
(/Users/mrees2/Library/TinyTeX/texmf-dist/tex/generic/bitset/bitset.sty
Package: bitset 2019/12/09 v1.3 Handle bit-vector datatype (HO)

(/Users/mrees2/Library/TinyTeX/texmf-dist/tex/generic/bigintcalc/bigintcalc.sty
Package: bigintcalc 2019/12/15 v1.5 Expandable calculations on big integers (HO
)
))
\Fld@menulength=\count285
\Field@Width=\dimen173
\Fld@charsize=\dimen174
Package hyperref Info: Hyper figures OFF on input line 6076.
Package hyperref Info: Link nesting OFF on input line 6081.
Package hyperref Info: Hyper index ON on input line 6084.
Package hyperref Info: backreferencing OFF on input line 6091.
Package hyperref Info: Link coloring OFF on input line 6096.
Package hyperref Info: Link coloring with OCG OFF on input line 6101.
Package hyperref Info: PDF/A mode OFF on input line 6106.
LaTeX Info: Redefining \ref on input line 6146.
LaTeX Info: Redefining \pageref on input line 6150.
(/Users/mrees2/Library/TinyTeX/texmf-dist/tex/latex/base/atbegshi-ltx.sty
Package: atbegshi-ltx 2021/01/10 v1.0c Emulation of the original atbegshi
package with kernel methods
)
\Hy@abspage=\count286
\c@Item=\count287
\c@Hfootnote=\count288
)
Package hyperref Info: Driver (autodetected): hpdftex.
(/Users/mrees2/Library/TinyTeX/texmf-dist/tex/latex/hyperref/hpdftex.def
File: hpdftex.def 2021-06-07 v7.00m Hyperref driver for pdfTeX
(/Users/mrees2/Library/TinyTeX/texmf-dist/tex/latex/base/atveryend-ltx.sty
Package: atveryend-ltx 2020/08/19 v1.0a Emulation of the original atvery packag
e
with kernel methods
)
\Fld@listcount=\count289
\c@bookmark@seq@number=\count290

(/Users/mrees2/Library/TinyTeX/texmf-dist/tex/latex/rerunfilecheck/rerunfileche
ck.sty
Package: rerunfilecheck 2019/12/05 v1.9 Rerun checks for auxiliary files (HO)

(/Users/mrees2/Library/TinyTeX/texmf-dist/tex/generic/uniquecounter/uniquecount
er.sty
Package: uniquecounter 2019/12/15 v1.4 Provide unlimited unique counter (HO)
)
Package uniquecounter Info: New unique counter `rerunfilecheck' on input line 2
86.
)
\Hy@SectionHShift=\skip70
) (/Users/mrees2/Library/TinyTeX/texmf-dist/tex/latex/oberdiek/chemarr.sty
Package: chemarr 2016/05/16 v1.3 Arrows for chemical reactions (HO)
) (/Users/mrees2/Library/TinyTeX/texmf-dist/tex/latex/psnfss/palatino.sty
Package: palatino 2020/03/25 PSNFSS-v9.3 (SPQR) 
) (/Users/mrees2/Library/TinyTeX/texmf-dist/tex/latex/psnfss/mathpazo.sty
Package: mathpazo 2020/03/25 PSNFSS-v9.3 Palatino w/ Pazo Math (D.Puga, WaS) 
\symupright=\mathgroup7
) (/Users/mrees2/Library/TinyTeX/texmf-dist/tex/latex/pdfpages/pdfpages.sty
Package: pdfpages 2021/03/06 v0.5t Insert pages of external PDF documents (AM)
(/Users/mrees2/Library/TinyTeX/texmf-dist/tex/latex/base/ifthen.sty
Package: ifthen 2020/11/24 v1.1c Standard LaTeX ifthen package (DPC)
) (/Users/mrees2/Library/TinyTeX/texmf-dist/tex/latex/tools/calc.sty
Package: calc 2017/05/25 v4.3 Infix arithmetic (KKT,FJ)
\calc@Acount=\count291
\calc@Bcount=\count292
\calc@Adimen=\dimen175
\calc@Bdimen=\dimen176
\calc@Askip=\skip71
\calc@Bskip=\skip72
LaTeX Info: Redefining \setlength on input line 80.
LaTeX Info: Redefining \addtolength on input line 81.
\calc@Ccount=\count293
\calc@Cskip=\skip73
) (/Users/mrees2/Library/TinyTeX/texmf-dist/tex/latex/eso-pic/eso-pic.sty
Package: eso-pic 2020/10/14 v3.0a eso-pic (RN)
\ESO@tempdima=\dimen177
\ESO@tempdimb=\dimen178
(/Users/mrees2/Library/TinyTeX/texmf-dist/tex/latex/xcolor/xcolor.sty
Package: xcolor 2016/05/11 v2.12 LaTeX color extensions (UK)
(/Users/mrees2/Library/TinyTeX/texmf-dist/tex/latex/graphics-cfg/color.cfg
File: color.cfg 2016/01/02 v1.6 sample color configuration
)
Package xcolor Info: Driver file: pdftex.def on input line 225.
Package xcolor Info: Model `cmy' substituted by `cmy0' on input line 1348.
Package xcolor Info: Model `hsb' substituted by `rgb' on input line 1352.
Package xcolor Info: Model `RGB' extended on input line 1364.
Package xcolor Info: Model `HTML' substituted by `rgb' on input line 1366.
Package xcolor Info: Model `Hsb' substituted by `hsb' on input line 1367.
Package xcolor Info: Model `tHsb' substituted by `hsb' on input line 1368.
Package xcolor Info: Model `HSB' substituted by `hsb' on input line 1369.
Package xcolor Info: Model `Gray' substituted by `gray' on input line 1370.
Package xcolor Info: Model `wave' substituted by `hsb' on input line 1371.
))
\AM@pagewidth=\dimen179
\AM@pageheight=\dimen180
\AM@fboxrule=\dimen181
(/Users/mrees2/Library/TinyTeX/texmf-dist/tex/latex/pdfpages/pppdftex.def
File: pppdftex.def 2021/03/06 v0.5t Pdfpages driver for pdfTeX (AM)
)
\pdfpages@includegraphics@status=\count294
\AM@pagebox=\box59
\AM@global@opts=\toks31
\AM@pagecnt=\count295
\AM@toc@title=\toks32
\c@AM@survey=\count296
\AM@templatesizebox=\box60
)
LaTeX Font Info:    Trying to load font information for OT1+ppl on input line 7
5.
(/Users/mrees2/Library/TinyTeX/texmf-dist/tex/latex/psnfss/ot1ppl.fd
File: ot1ppl.fd 2001/06/04 font definitions for OT1/ppl.
)
(/Users/mrees2/Library/TinyTeX/texmf-dist/tex/latex/l3backend/l3backend-pdftex.
def
File: l3backend-pdftex.def 2021-08-04 L3 backend support: PDF output (pdfTeX)
\l__color_backend_stack_int=\count297
\l__pdf_internal_box=\box61
) (./thesis.aux)
\openout1 = `thesis.aux'.

LaTeX Font Info:    Checking defaults for OML/cmm/m/it on input line 75.
LaTeX Font Info:    ... okay on input line 75.
LaTeX Font Info:    Checking defaults for OMS/cmsy/m/n on input line 75.
LaTeX Font Info:    ... okay on input line 75.
LaTeX Font Info:    Checking defaults for OT1/cmr/m/n on input line 75.
LaTeX Font Info:    ... okay on input line 75.
LaTeX Font Info:    Checking defaults for T1/cmr/m/n on input line 75.
LaTeX Font Info:    ... okay on input line 75.
LaTeX Font Info:    Checking defaults for TS1/cmr/m/n on input line 75.
LaTeX Font Info:    ... okay on input line 75.
LaTeX Font Info:    Checking defaults for OMX/cmex/m/n on input line 75.
LaTeX Font Info:    ... okay on input line 75.
LaTeX Font Info:    Checking defaults for U/cmr/m/n on input line 75.
LaTeX Font Info:    ... okay on input line 75.
LaTeX Font Info:    Checking defaults for PD1/pdf/m/n on input line 75.
LaTeX Font Info:    ... okay on input line 75.
LaTeX Font Info:    Checking defaults for PU/pdf/m/n on input line 75.
LaTeX Font Info:    ... okay on input line 75.
Package caption Info: Begin \AtBeginDocument code.
Package caption Info: hyperref package is loaded.
Package caption Info: longtable package is loaded.
(/Users/mrees2/Library/TinyTeX/texmf-dist/tex/latex/caption/ltcaption.sty
Package: ltcaption 2020/05/30 v1.4b longtable captions (AR)
)
Package caption Info: End \AtBeginDocument code.

(/Users/mrees2/Library/TinyTeX/texmf-dist/tex/latex/epstopdf-pkg/epstopdf-base.
sty
Package: epstopdf-base 2020-01-24 v2.11 Base part for package epstopdf
Package epstopdf-base Info: Redefining graphics rule for `.eps' on input line 4
85.

(/Users/mrees2/Library/TinyTeX/texmf-dist/tex/latex/latexconfig/epstopdf-sys.cf
g
File: epstopdf-sys.cfg 2010/07/13 v1.3 Configuration of (r)epstopdf for TeX Liv
e
))
Package hyperref Info: Link coloring OFF on input line 75.
(/Users/mrees2/Library/TinyTeX/texmf-dist/tex/latex/hyperref/nameref.sty
Package: nameref 2021-04-02 v2.47 Cross-referencing by name of section
(/Users/mrees2/Library/TinyTeX/texmf-dist/tex/latex/refcount/refcount.sty
Package: refcount 2019/12/15 v3.6 Data extraction from label references (HO)
)
(/Users/mrees2/Library/TinyTeX/texmf-dist/tex/generic/gettitlestring/gettitlest
ring.sty
Package: gettitlestring 2019/12/15 v1.6 Cleanup title references (HO)
)
\c@section@level=\count298
)
LaTeX Info: Redefining \ref on input line 75.
LaTeX Info: Redefining \pageref on input line 75.
LaTeX Info: Redefining \nameref on input line 75.
(./thesis.out) (./thesis.out)
\@outlinefile=\write3
\openout3 = `thesis.out'.

(/Users/mrees2/Library/TinyTeX/texmf-dist/tex/latex/pdflscape/pdflscape.sty
Package: pdflscape 2019/12/05 v0.12 Display of landscape pages in PDF (HO)
(/Users/mrees2/Library/TinyTeX/texmf-dist/tex/latex/graphics/lscape.sty
Package: lscape 2020/05/28 v3.02 Landscape Pages (DPC)
)
Package pdflscape Info: Auto-detected driver: pdftex on input line 81.
) [1


{/Users/mrees2/Library/TinyTeX/texmf-var/fonts/map/pdftex/updmap/pdftex.map}] [
2

] [3] [4]
LaTeX Font Info:    Trying to load font information for OML+zplm on input line 
113.
(/Users/mrees2/Library/TinyTeX/texmf-dist/tex/latex/psnfss/omlzplm.fd
File: omlzplm.fd 2002/09/08 Fontinst v1.914 font definitions for OML/zplm.
)
LaTeX Font Info:    Trying to load font information for OMS+zplm on input line 
113.
(/Users/mrees2/Library/TinyTeX/texmf-dist/tex/latex/psnfss/omszplm.fd
File: omszplm.fd 2002/09/08 Fontinst v1.914 font definitions for OMS/zplm.
)
LaTeX Font Info:    Trying to load font information for OMX+zplm on input line 
113.
(/Users/mrees2/Library/TinyTeX/texmf-dist/tex/latex/psnfss/omxzplm.fd
File: omxzplm.fd 2002/09/08 Fontinst v1.914 font definitions for OMX/zplm.
)
LaTeX Font Info:    Font shape `U/msa/m/n' will be
(Font)              scaled to size 11.40997pt on input line 113.
LaTeX Font Info:    Font shape `U/msa/m/n' will be
(Font)              scaled to size 8.33606pt on input line 113.
LaTeX Font Info:    Font shape `U/msa/m/n' will be
(Font)              scaled to size 6.25204pt on input line 113.
LaTeX Font Info:    Font shape `U/msb/m/n' will be
(Font)              scaled to size 11.40997pt on input line 113.
LaTeX Font Info:    Font shape `U/msb/m/n' will be
(Font)              scaled to size 8.33606pt on input line 113.
LaTeX Font Info:    Font shape `U/msb/m/n' will be
(Font)              scaled to size 6.25204pt on input line 113.
LaTeX Font Info:    Trying to load font information for U+lasy on input line 11
3.
(/Users/mrees2/Library/TinyTeX/texmf-dist/tex/latex/base/ulasy.fd
File: ulasy.fd 1998/08/17 v2.2e LaTeX symbol font definitions
)
LaTeX Font Info:    Trying to load font information for OT1+zplm on input line 
113.
(/Users/mrees2/Library/TinyTeX/texmf-dist/tex/latex/psnfss/ot1zplm.fd
File: ot1zplm.fd 2002/09/08 Fontinst v1.914 font definitions for OT1/zplm.
) [5

] [6

]
LaTeX Font Info:    Trying to load font information for TS1+ppl on input line 1
27.
(/Users/mrees2/Library/TinyTeX/texmf-dist/tex/latex/psnfss/ts1ppl.fd
File: ts1ppl.fd 2001/06/04 font definitions for TS1/ppl.
) [7] [8]
LaTeX Font Info:    Trying to load font information for OT1+pcr on input line 1
43.
(/Users/mrees2/Library/TinyTeX/texmf-dist/tex/latex/psnfss/ot1pcr.fd
File: ot1pcr.fd 2001/06/04 font definitions for OT1/pcr.
)
Overfull \hbox (15.27454pt too wide) in paragraph at lines 161--162
[][]$\OT1/pcr/m/n/10.95 https : / / github . com / matt-[]w-[]rees / occurrence
-[]gams-[]fox-[]cat-[]sbb-[]lnp$[] 
 []


Overfull \hbox (0.63455pt too wide) in paragraph at lines 173--174
[][]$\OT1/pcr/m/n/10.95 https : / / github . com / matt-[]w-[]rees / invasive-[
]mesopredator-[]release$[] 
 []

[9]
Overfull \hbox (60.26448pt too wide) in paragraph at lines 185--186
[][]$\OT1/pcr/m/n/10.95 https : / / github . com / matt-[]w-[]rees / spatiotemp
oral-[]gams-[]invasive-[]predators$[] 
 []

[10] [11] [12]
Overfull \hbox (7.07248pt too wide) in paragraph at lines 221--223
[]\OT1/ppl/m/n/10.95 Discussions many QAEco peo-ple highly in-flu-enced this Ph
D. Zo[]^^P. Plus Billy. Pauline
 []

[13

] [14

] (./thesis.toc [15] [16] [17])
\tf@toc=\write4
\openout4 = `thesis.toc'.

[18] (./thesis.lot [19

]
Overfull \hbox (1.9429pt too wide) in paragraph at lines 28--28
 [][] [][]\OT1/ppl/m/n/10.95 Generalised ad-di-tive model sum-maries for in-va-
sive preda-tor spa-tiotem- 
 []

)
\tf@lot=\write5
\openout5 = `thesis.lot'.

[20] (./thesis.lof
Overfull \hbox (8.57861pt too wide) in paragraph at lines 7--7
 [][] [][]\OT1/ppl/m/n/10.95 Outputs from Bayesian occupancy-detection for each
 study species. Daily 
 []


Overfull \hbox (3.64061pt too wide) in paragraph at lines 7--7
 \OT1/ppl/m/n/10.95 Wood-lands as a ref-er-ence level). Fox con-trol had oc-cur
red in The Glenelg 
 []

[21

] [22] [23] [24] [25] [26])
\tf@lof=\write6
\openout6 = `thesis.lof'.

[27] [28

] [29] [30

]
Chapter 1.
[1

] [2]
Overfull \hbox (0.8033pt too wide) in paragraph at lines 283--284
\OT1/ppl/m/n/10.95 ders ef-fec-tive con-ser-va-tion man-age-ment. Around the wo
rld, the func-tion-ing of ecosys-
 []


Overfull \hbox (3.3545pt too wide) in paragraph at lines 285--286
\OT1/ppl/m/n/10.95 mam-malian apex preda-tor is widely per-se-cuted, mainly for
 agri-cul-tural ben-e-fits (Smith
 []

[3] [4] [5]
<figure/conceptual_diagram.jpeg, id=937, 549.05125pt x 593.21625pt>
File: figure/conceptual_diagram.jpeg Graphic file (type jpg)
<use figure/conceptual_diagram.jpeg>
Package pdftex.def Info: figure/conceptual_diagram.jpeg  used on input line 300
.
(pdftex.def)             Requested size: 350.68274pt x 378.89676pt.
[6 <./figure/conceptual_diagram.jpeg>]
LaTeX Font Info:    Trying to load font information for OML+ppl on input line 3
16.
(/Users/mrees2/Library/TinyTeX/texmf-dist/tex/latex/psnfss/omlppl.fd
File: omlppl.fd 
)
LaTeX Font Info:    Font shape `OML/ppl/m/n' in size <10.95> not available
(Font)              Font shape `OML/cmm/m/it' tried instead on input line 316.
[7] [8]
Chapter 2.
[9

] [10] [11] [12] [13]
<figure/otways17_map.png, id=988, 722.7pt x 542.025pt>
File: figure/otways17_map.png Graphic file (type png)
<use figure/otways17_map.png>
Package pdftex.def Info: figure/otways17_map.png  used on input line 398.
(pdftex.def)             Requested size: 412.56497pt x 309.42061pt.
[14 <./figure/otways17_map.png>] [15] [16] [17] [18] [19] [20

]
Chapter 3.
[21] [22] [23] [24] [25] [26]
Overfull \hbox (13.77948pt too wide) in paragraph at lines 647--648
\OT1/ppl/m/n/10.95 All camera-trap de-ploy-ments con-sisted of a Re-conyx (Hol-
men, Wis-con-sin) brand camera-
 []

[27]
Overfull \hbox (9.17921pt too wide) in paragraph at lines 662--663
\OT1/ppl/m/n/10.95 The occupancy-detection mod-els re-vealed high cu-mu-la-tive
 de-tec-tion prob-a-bil-i-ties based
 []


Overfull \hbox (1.84323pt too wide) in paragraph at lines 662--663
\OT1/ppl/m/n/10.95 on our av-er-age camera-trap sur-vey ef-fort for each specie
s (ex-cept for cats in the Glenelg
 []

[28] [29] [30]
<figure/map_cams.png, id=1096, 1205.50375pt x 736.7525pt>
File: figure/map_cams.png Graphic file (type png)
<use figure/map_cams.png>
Package pdftex.def Info: figure/map_cams.png  used on input line 697.
(pdftex.def)             Requested size: 412.56497pt x 252.13385pt.
[31 <./figure/map_cams.png>]
Overfull \hbox (11.46301pt too wide) in paragraph at lines 713--714
[]\OT1/ppl/m/n/10.95 The occupancy-detection mod-els es-ti-mated fox oc-cu-panc
y to be 48% lower in Glenelg
 []

[32] [33] [34]
<figure/occ_det_ubms.png, id=1165, 4818.0pt x 6323.625pt>
File: figure/occ_det_ubms.png Graphic file (type png)
<use figure/occ_det_ubms.png>
Package pdftex.def Info: figure/occ_det_ubms.png  used on input line 745.
(pdftex.def)             Requested size: 412.56497pt x 541.40889pt.
[35 <./figure/occ_det_ubms.png>]
<figure/occurrence_gams_main.png, id=1171, 6022.5pt x 5420.25pt>
File: figure/occurrence_gams_main.png Graphic file (type png)
<use figure/occurrence_gams_main.png>
Package pdftex.def Info: figure/occurrence_gams_main.png  used on input line 76
0.
(pdftex.def)             Requested size: 412.56497pt x 371.26836pt.
[36 <./figure/occurrence_gams_main.png>]
<figure/tsf.png, id=1177, 6022.5pt x 5420.25pt>
File: figure/tsf.png Graphic file (type png)
<use figure/tsf.png>
Package pdftex.def Info: figure/tsf.png  used on input line 775.
(pdftex.def)             Requested size: 412.56497pt x 371.26836pt.
[37 <./figure/tsf.png>] [38] [39] [40] [41] [42]
Chapter 4.
[43

] [44] [45] [46] [47] [48] [49] [50] [51]
<figure/map_density.png, id=1272, 913.4125pt x 578.16pt>
File: figure/map_density.png Graphic file (type png)
<use figure/map_density.png>
Package pdftex.def Info: figure/map_density.png  used on input line 916.
(pdftex.def)             Requested size: 412.56497pt x 261.14001pt.
[52 <./figure/map_density.png>] [53] [54]
<figure/fox_occ_map.png, id=1319, 5119.125pt x 5570.8125pt>
File: figure/fox_occ_map.png Graphic file (type png)
<use figure/fox_occ_map.png>
Package pdftex.def Info: figure/fox_occ_map.png  used on input line 960.
(pdftex.def)             Requested size: 412.56497pt x 448.90425pt.
[55 <./figure/fox_occ_map.png>]
<figure/foxD_600dpi.png, id=1326, 3914.625pt x 2409.0pt>
File: figure/foxD_600dpi.png Graphic file (type png)
<use figure/foxD_600dpi.png>
Package pdftex.def Info: figure/foxD_600dpi.png  used on input line 975.
(pdftex.def)             Requested size: 412.56497pt x 253.85304pt.
[56 <./figure/foxD_600dpi.png>]
<figure/foxDet_otways_600dpi.png, id=1332, 4998.675pt x 3011.25pt>
File: figure/foxDet_otways_600dpi.png Graphic file (type png)
<use figure/foxDet_otways_600dpi.png>
Package pdftex.def Info: figure/foxDet_otways_600dpi.png  used on input line 99
0.
(pdftex.def)             Requested size: 412.56497pt x 248.53227pt.
LaTeX Font Info:    Font shape `U/msa/m/n' will be
(Font)              scaled to size 10.42007pt on input line 994.
LaTeX Font Info:    Font shape `U/msa/m/n' will be
(Font)              scaled to size 7.91925pt on input line 994.
LaTeX Font Info:    Font shape `U/msb/m/n' will be
(Font)              scaled to size 10.42007pt on input line 994.
LaTeX Font Info:    Font shape `U/msb/m/n' will be
(Font)              scaled to size 7.91925pt on input line 994.
[57 <./figure/foxDet_otways_600dpi.png>]
<figure/glenelg_estimates_600dpi.png, id=1338, 4998.675pt x 2710.125pt>
File: figure/glenelg_estimates_600dpi.png Graphic file (type png)
<use figure/glenelg_estimates_600dpi.png>
Package pdftex.def Info: figure/glenelg_estimates_600dpi.png  used on input lin
e 1005.
(pdftex.def)             Requested size: 412.56497pt x 223.67905pt.
[58 <./figure/glenelg_estimates_600dpi.png>]
<figure/otways_estimates_600dpi.png, id=1344, 4998.675pt x 2710.125pt>
File: figure/otways_estimates_600dpi.png Graphic file (type png)
<use figure/otways_estimates_600dpi.png>
Package pdftex.def Info: figure/otways_estimates_600dpi.png  used on input line
 1020.
(pdftex.def)             Requested size: 412.56497pt x 223.67905pt.
[59 <./figure/otways_estimates_600dpi.png>] [60] [61] [62]
Chapter 5.
[63

] [64] [65] [66] [67]
Overfull \hbox (13.77948pt too wide) in paragraph at lines 1100--1101
\OT1/ppl/m/n/10.95 All camera-trap de-ploy-ments con-sisted of a Re-conyx (Hol-
men, Wis-con-sin) brand camera-
 []

[68] [69] [70]
File: figure/map_cams.png Graphic file (type png)
<use figure/map_cams.png>
Package pdftex.def Info: figure/map_cams.png  used on input line 1132.
(pdftex.def)             Requested size: 412.56497pt x 252.13385pt.
[71]

LaTeX Warning: Reference `fig:diel-space-fox-eg' on page 72 undefined on input 
line 1148.

[72] [73]
<figure/spte_diff_avg_o_fox.png, id=1459, 4818.0pt x 6022.5pt>
File: figure/spte_diff_avg_o_fox.png Graphic file (type png)
<use figure/spte_diff_avg_o_fox.png>
Package pdftex.def Info: figure/spte_diff_avg_o_fox.png  used on input line 116
3.
(pdftex.def)             Requested size: 412.56497pt x 515.62752pt.
<figure/diel_strength_600dpi.png, id=1460, 4818.0pt x 6022.5pt>
File: figure/diel_strength_600dpi.png Graphic file (type png)
<use figure/diel_strength_600dpi.png>
Package pdftex.def Info: figure/diel_strength_600dpi.png  used on input line 11
71.
(pdftex.def)             Requested size: 412.56497pt x 515.62752pt.
[74 <./figure/spte_diff_avg_o_fox.png>] [75 <./figure/diel_strength_600dpi.png>
]
<figure/predator_veg.png, id=1471, 5420.25pt x 6022.5pt>
File: figure/predator_veg.png Graphic file (type png)
<use figure/predator_veg.png>
Package pdftex.def Info: figure/predator_veg.png  used on input line 1180.
(pdftex.def)             Requested size: 412.56497pt x 458.37642pt.
[76 <./figure/predator_veg.png>]
<figure/cat_fox_count.png, id=1477, 5420.25pt x 6022.5pt>
File: figure/cat_fox_count.png Graphic file (type png)
<use figure/cat_fox_count.png>
Package pdftex.def Info: figure/cat_fox_count.png  used on input line 1189.
(pdftex.def)             Requested size: 412.56497pt x 458.37642pt.
[77 <./figure/cat_fox_count.png>] [78] [79] [80

]
Chapter 6.
[81] [82] [83] [84

] [85] [86] [87]
Overfull \hbox (26.19812pt too wide) in paragraph at lines 1436--1438
 [][]\OT1/ppl/m/n/10.95 DELWP. (2020). \OT1/ppl/m/it/10.95 Biore-gions and evc 
bench-marks\OT1/ppl/m/n/10.95 . Avail-able at: []$\OT1/pcr/m/n/10.95 https : / 
/ www . environment .
 []


Overfull \hbox (10.93634pt too wide) in paragraph at lines 1442--1444
 \OT1/ppl/m/n/10.95 at: []$\OT1/pcr/m/n/10.95 http : / / services . land . vic 
. gov . au / catalogue / metadata ? anzlicId =
 []

[88] [89] [90] [91]
Overfull \hbox (9.05925pt too wide) in paragraph at lines 1607--1609
 \OT1/ppl/m/n/10.95 Human-modified habi-tats fa-cil-i-tate forest-dwelling pop-
u-la-tions of an in-va-sive preda-
 []

[92]
Overfull \hbox (255.9855pt too wide) in paragraph at lines 1640--1642
 \OT1/pcr/m/n/10.95 drying-[]land-[]and-[]heating-[]seas-[]why-[]nature-[]in-[]
australias-[]southwest-[]is-[]on-[]the-[]climate-[]frontline-[]170377$[]\OT1/pp
l/m/n/10.95 .
 []

[93]
Overfull \hbox (0.17915pt too wide) in paragraph at lines 1667--1669
 \OT1/ppl/m/n/10.95 among non-na-tive plants: Pat-terns, pro-cesses, and man-ag
e-ment im-pli-ca-tions. \OT1/ppl/m/it/10.95 Global
 []


Overfull \hbox (2.40344pt too wide) in paragraph at lines 1673--1675
 [][]\OT1/ppl/m/n/10.95 Laundr[]e, J.W., Hern[]andez, L. & Al-tendorf, K.B. (20
01). Wolves, elk, and bi-son: Reestab-
 []

[94] [95] [96] [97] [98] [99] [100] [101] [102] [103] [104

]
Appendix A.
[105]
<figure/otways17-g0t-1.pdf, id=1873, 469.755pt x 325.215pt>
File: figure/otways17-g0t-1.pdf Graphic file (type pdf)
<use figure/otways17-g0t-1.pdf>
Package pdftex.def Info: figure/otways17-g0t-1.pdf  used on input line 2041.
(pdftex.def)             Requested size: 288.79422pt x 199.93408pt.
[106 <./figure/otways17-g0t-1.pdf>] [107] [108

]
Appendix B.
[109] [110]
<figure/raw_data_tsf_veg.png, id=1903, 4818.0pt x 6022.5pt>
File: figure/raw_data_tsf_veg.png Graphic file (type png)
<use figure/raw_data_tsf_veg.png>
Package pdftex.def Info: figure/raw_data_tsf_veg.png  used on input line 2120.
(pdftex.def)             Requested size: 412.56497pt x 515.62752pt.
[111 <./figure/raw_data_tsf_veg.png>]
<figure/cumulative_detectability.png, id=1909, 4818.0pt x 6022.5pt>
File: figure/cumulative_detectability.png Graphic file (type png)
<use figure/cumulative_detectability.png>
Package pdftex.def Info: figure/cumulative_detectability.png  used on input lin
e 2129.
(pdftex.def)             Requested size: 412.56497pt x 515.62752pt.
[112 <./figure/cumulative_detectability.png>] [113]
<figure/foxbaits.png, id=1919, 4215.75pt x 4215.75pt>
File: figure/foxbaits.png Graphic file (type png)
<use figure/foxbaits.png>
Package pdftex.def Info: figure/foxbaits.png  used on input line 2172.
(pdftex.def)             Requested size: 412.56497pt x 412.52959pt.
[114 <./figure/foxbaits.png>]
<figure/rainfall.png, id=1925, 2710.125pt x 4215.75pt>
File: figure/rainfall.png Graphic file (type png)
<use figure/rainfall.png>
Package pdftex.def Info: figure/rainfall.png  used on input line 2181.
(pdftex.def)             Requested size: 268.1647pt x 417.0968pt.
[115 <./figure/rainfall.png>]
<figure/dist_edge.png, id=1932, 4215.75pt x 4215.75pt>
File: figure/dist_edge.png Graphic file (type png)
<use figure/dist_edge.png>
Package pdftex.def Info: figure/dist_edge.png  used on input line 2190.
(pdftex.def)             Requested size: 412.56497pt x 412.52959pt.
[116 <./figure/dist_edge.png>]
Appendix C.
[117

] [118]
<figure/density-camop-1.pdf, id=1949, 469.755pt x 325.215pt>
File: figure/density-camop-1.pdf Graphic file (type pdf)
<use figure/density-camop-1.pdf>
Package pdftex.def Info: figure/density-camop-1.pdf  used on input line 2217.
(pdftex.def)             Requested size: 412.56497pt x 285.6194pt.
[119 <./figure/density-camop-1.pdf>]
<figure/camtrap1.jpg, id=1962, 1027.84pt x 770.88pt>
File: figure/camtrap1.jpg Graphic file (type jpg)
<use figure/camtrap1.jpg>
Package pdftex.def Info: figure/camtrap1.jpg  used on input line 2232.
(pdftex.def)             Requested size: 412.56497pt x 309.42871pt.
[120 <./figure/camtrap1.jpg>] [121] [122]
<figure/cat_coats.jpg, id=1980, 3854.4pt x 3252.15pt>
File: figure/cat_coats.jpg Graphic file (type jpg)
<use figure/cat_coats.jpg>
Package pdftex.def Info: figure/cat_coats.jpg  used on input line 2266.
(pdftex.def)             Requested size: 412.56497pt x 348.06097pt.
[123 <./figure/cat_coats.jpg>]
Overfull \hbox (22.12138pt too wide) in alignment at lines 2284--2291
 [] [] [] [] [] [] [] [] 
 []


Overfull \hbox (22.12138pt too wide) in alignment at lines 2291--2298
 [] [] [] [] [] [] [] [] 
 []


Overfull \hbox (22.12138pt too wide) in alignment at lines 2298--2300
 [] [] [] [] [] [] [] [] 
 []


Overfull \hbox (22.12138pt too wide) in alignment at lines 2300--2302
 [] [] [] [] [] [] [] [] 
 []


Overfull \hbox (22.12138pt too wide) in alignment at lines 2302--2317
 [] [] [] [] [] [] [] [] 
 []

[124]
<figure/density-plot-ch-1-1.pdf, id=1990, 469.755pt x 325.215pt>
File: figure/density-plot-ch-1-1.pdf Graphic file (type pdf)
<use figure/density-plot-ch-1-1.pdf>
Package pdftex.def Info: figure/density-plot-ch-1-1.pdf  used on input line 233
8.
(pdftex.def)             Requested size: 412.56497pt x 285.6194pt.
[125 <./figure/density-plot-ch-1-1.pdf>]
<figure/density-plot-ch-2-1.pdf, id=2004, 469.755pt x 325.215pt>
File: figure/density-plot-ch-2-1.pdf Graphic file (type pdf)
<use figure/density-plot-ch-2-1.pdf>
Package pdftex.def Info: figure/density-plot-ch-2-1.pdf  used on input line 235
6.
(pdftex.def)             Requested size: 412.56497pt x 285.6194pt.
[126 <./figure/density-plot-ch-2-1.pdf>]
<figure/density-plot-ch-3-1.pdf, id=2016, 469.755pt x 325.215pt>
File: figure/density-plot-ch-3-1.pdf Graphic file (type pdf)
<use figure/density-plot-ch-3-1.pdf>
Package pdftex.def Info: figure/density-plot-ch-3-1.pdf  used on input line 237
4.
(pdftex.def)             Requested size: 412.56497pt x 285.6194pt.
[127 <./figure/density-plot-ch-3-1.pdf>]
<figure/density-plot-ch-4-1.pdf, id=2029, 469.755pt x 325.215pt>
File: figure/density-plot-ch-4-1.pdf Graphic file (type pdf)
<use figure/density-plot-ch-4-1.pdf>
Package pdftex.def Info: figure/density-plot-ch-4-1.pdf  used on input line 239
5.
(pdftex.def)             Requested size: 412.56497pt x 285.6194pt.
[128 <./figure/density-plot-ch-4-1.pdf>]
<figure/density-plot-ch-5-1.pdf, id=2042, 469.755pt x 325.215pt>
File: figure/density-plot-ch-5-1.pdf Graphic file (type pdf)
<use figure/density-plot-ch-5-1.pdf>
Package pdftex.def Info: figure/density-plot-ch-5-1.pdf  used on input line 241
3.
(pdftex.def)             Requested size: 412.56497pt x 285.6194pt.
[129 <./figure/density-plot-ch-5-1.pdf>]
<figure/density-plot-ch-6-1.pdf, id=2054, 469.755pt x 325.215pt>
File: figure/density-plot-ch-6-1.pdf Graphic file (type pdf)
<use figure/density-plot-ch-6-1.pdf>
Package pdftex.def Info: figure/density-plot-ch-6-1.pdf  used on input line 243
1.
(pdftex.def)             Requested size: 412.56497pt x 285.6194pt.
[130 <./figure/density-plot-ch-6-1.pdf>]
Overfull \hbox (106.4644pt too wide) in paragraph at lines 2472--2472
[]\OT1/pcr/m/n/10.95 fox ~ s(x, y, bs = "ds", m = c(1, 0.5), k = 200) + offset(
log(survey_duration))[] 
 []

[131]
<figure/fox_occ_se_glenelg_600dpi.png, id=2072, 5119.125pt x 3011.25pt>
File: figure/fox_occ_se_glenelg_600dpi.png Graphic file (type png)
<use figure/fox_occ_se_glenelg_600dpi.png>
Package pdftex.def Info: figure/fox_occ_se_glenelg_600dpi.png  used on input li
ne 2482.
(pdftex.def)             Requested size: 412.56497pt x 242.65094pt.
[132 <./figure/fox_occ_se_glenelg_600dpi.png>]
Overfull \hbox (34.19449pt too wide) in paragraph at lines 2526--2526
[]\OT1/pcr/m/n/10.95 fox ~ year + s(x, y, by = year, bs = "ds", m = c(1, 0.5), 
k = 100) +[] 
 []

[133]
<figure/fox_occ_se_otways_600dpi.png, id=2085, 5119.125pt x 2559.5625pt>
File: figure/fox_occ_se_otways_600dpi.png Graphic file (type png)
<use figure/fox_occ_se_otways_600dpi.png>
Package pdftex.def Info: figure/fox_occ_se_otways_600dpi.png  used on input lin
e 2536.
(pdftex.def)             Requested size: 412.56497pt x 206.2533pt.
[134 <./figure/fox_occ_se_otways_600dpi.png>] [135]
<figure/density-veg-1.pdf, id=2096, 469.755pt x 325.215pt>
File: figure/density-veg-1.pdf Graphic file (type pdf)
<use figure/density-veg-1.pdf>
Package pdftex.def Info: figure/density-veg-1.pdf  used on input line 2560.
(pdftex.def)             Requested size: 412.56497pt x 285.6194pt.
[136 <./figure/density-veg-1.pdf>] [137] [138]
Overfull \hbox (30.79257pt too wide) in alignment at lines 2632--2652
 [] [] [] [] [] [] [] 
 []

[139]
Overfull \hbox (7.7201pt too wide) in alignment at lines 2664--2678
 [] [] [] [] [] [] [] 
 []

[140] [141] [142] [143]
Overfull \hbox (63.89241pt too wide) in alignment at lines 2769--2789
 [] [] [] [] [] [] [] 
 []

[144]
Overfull \hbox (7.7201pt too wide) in alignment at lines 2801--2815
 [] [] [] [] [] [] [] 
 []

[145] [146]
Appendix D.
[147

] [148] [149]
<figure/avg_diel_predator.png, id=2165, 6022.5pt x 3011.25pt>
File: figure/avg_diel_predator.png Graphic file (type png)
<use figure/avg_diel_predator.png>
Package pdftex.def Info: figure/avg_diel_predator.png  used on input line 2908.

(pdftex.def)             Requested size: 412.56497pt x 206.2602pt.
[150 <./figure/avg_diel_predator.png>]
<figure/sp_marginal_g.png, id=2171, 6022.5pt x 3011.25pt>
File: figure/sp_marginal_g.png Graphic file (type png)
<use figure/sp_marginal_g.png>
Package pdftex.def Info: figure/sp_marginal_g.png  used on input line 2915.
(pdftex.def)             Requested size: 412.56497pt x 206.2602pt.
<figure/sp_marginal_o.png, id=2172, 6022.5pt x 3011.25pt>
File: figure/sp_marginal_o.png Graphic file (type png)
<use figure/sp_marginal_o.png>
Package pdftex.def Info: figure/sp_marginal_o.png  used on input line 2918.
(pdftex.def)             Requested size: 412.56497pt x 206.2602pt.
[151 <./figure/sp_marginal_g.png> <./figure/sp_marginal_o.png>]
<figure/spte_diff_avg_g_fox.png, id=2180, 4516.875pt x 6022.5pt>
File: figure/spte_diff_avg_g_fox.png Graphic file (type png)
<use figure/spte_diff_avg_g_fox.png>
Package pdftex.def Info: figure/spte_diff_avg_g_fox.png  used on input line 292
7.
(pdftex.def)             Requested size: 412.56497pt x 550.08846pt.
[152 <./figure/spte_diff_avg_g_fox.png>]
<figure/spte_diff_avg_g_cat.png, id=2186, 4516.875pt x 6022.5pt>
File: figure/spte_diff_avg_g_cat.png Graphic file (type png)
<use figure/spte_diff_avg_g_cat.png>
Package pdftex.def Info: figure/spte_diff_avg_g_cat.png  used on input line 293
6.
(pdftex.def)             Requested size: 412.56497pt x 550.08846pt.
[153 <./figure/spte_diff_avg_g_cat.png>]
<figure/spte_diff_avg_o_cat.png, id=2192, 4818.0pt x 6022.5pt>
File: figure/spte_diff_avg_o_cat.png Graphic file (type png)
<use figure/spte_diff_avg_o_cat.png>
Package pdftex.def Info: figure/spte_diff_avg_o_cat.png  used on input line 294
5.
(pdftex.def)             Requested size: 412.56497pt x 515.62752pt.
[154 <./figure/spte_diff_avg_o_cat.png>]
<figure/spte_facet_o_fox.png, id=2198, 4818.0pt x 6022.5pt>
File: figure/spte_facet_o_fox.png Graphic file (type png)
<use figure/spte_facet_o_fox.png>
Package pdftex.def Info: figure/spte_facet_o_fox.png  used on input line 2954.
(pdftex.def)             Requested size: 412.56497pt x 515.62752pt.
[155 <./figure/spte_facet_o_fox.png>]
<figure/spte_facet_g_cat.png, id=2205, 4516.875pt x 6022.5pt>
File: figure/spte_facet_g_cat.png Graphic file (type png)
<use figure/spte_facet_g_cat.png>
Package pdftex.def Info: figure/spte_facet_g_cat.png  used on input line 2963.
(pdftex.def)             Requested size: 412.56497pt x 550.08846pt.
[156 <./figure/spte_facet_g_cat.png>]
File: figure/spte_facet_o_fox.png Graphic file (type png)
<use figure/spte_facet_o_fox.png>
Package pdftex.def Info: figure/spte_facet_o_fox.png  used on input line 2972.
(pdftex.def)             Requested size: 412.56497pt x 515.62752pt.
[157]
<figure/spte_facet_o_cat.png, id=2216, 4818.0pt x 6022.5pt>
File: figure/spte_facet_o_cat.png Graphic file (type png)
<use figure/spte_facet_o_cat.png>
Package pdftex.def Info: figure/spte_facet_o_cat.png  used on input line 2981.
(pdftex.def)             Requested size: 412.56497pt x 515.62752pt.
[158 <./figure/spte_facet_o_cat.png>] (./thesis.aux)

LaTeX Warning: There were undefined references.

Package rerunfilecheck Info: File `thesis.out' has not changed.
(rerunfilecheck)             Checksum: A4C44277E821595206B4DA0EBF925233;13668.
 ) 
Here is how much of TeX's memory you used:
 13490 strings out of 480559
 212644 string characters out of 5902534
 542667 words of memory out of 5000000
 30124 multiletter control sequences out of 15000+600000
 431996 words of font info for 100 fonts, out of 8000000 for 9000
 14 hyphenation exceptions out of 8191
 70i,12n,80p,1907b,544s stack positions out of 5000i,500n,10000p,200000b,80000s
{/Users/mrees2/Library/TinyTeX/texmf-dist/fonts/enc/dvips/base/8r.enc}</Users
/mrees2/Library/TinyTeX/texmf-dist/fonts/type1/public/amsfonts/cm/cmmi10.pfb></
Users/mrees2/Library/TinyTeX/texmf-dist/fonts/type1/urw/courier/ucrr8a.pfb></Us
ers/mrees2/Library/TinyTeX/texmf-dist/fonts/type1/urw/palatino/uplb8a.pfb></Use
rs/mrees2/Library/TinyTeX/texmf-dist/fonts/type1/urw/palatino/uplr8a.pfb></User
s/mrees2/Library/TinyTeX/texmf-dist/fonts/type1/urw/palatino/uplri8a.pfb>
Output written on thesis.pdf (188 pages, 42130627 bytes).
PDF statistics:
 2401 PDF objects out of 2487 (max. 8388607)
 2097 compressed objects within 21 object streams
 715 named destinations out of 1000 (max. 500000)
 840 words of extra memory for PDF output out of 10000 (max. 10000000)

